<?xml version="1.0" encoding="UTF-8"?>
<!-- Generated by org.testng.reporters.JUnitReportReporter -->
<testsuite skipped="0" hostname="LAPTOP-RMHL5JSC" name="RestBasics.Authorization" tests="1" failures="0" timestamp="2020-06-05T16:55:39 EDT" time="2.188" errors="0">
  <testcase name="authorize" time="2.188" classname="RestBasics.Authorization"/>
  <system-out/>
</testsuite> <!-- RestBasics.Authorization -->
