<?xml version="1.0" encoding="UTF-8"?>
<!-- Generated by org.testng.reporters.JUnitReportReporter -->
<testsuite skipped="0" hostname="LAPTOP-RMHL5JSC" name="RestBasics.Base" tests="1" failures="0" timestamp="2020-06-05T16:39:00 EDT" time="0.604" errors="0">
  <testcase name="beforeClass" time="0.604" classname="RestBasics.Base"/>
  <system-out/>
</testsuite> <!-- RestBasics.Base -->
