<?xml version="1.0" encoding="UTF-8"?>
<!-- Generated by org.testng.reporters.JUnitReportReporter -->
<testsuite skipped="0" hostname="LAPTOP-RMHL5JSC" name="RestBasics.restPost" tests="1" failures="0" timestamp="2020-06-05T17:36:04 EDT" time="3.410" errors="0">
  <testcase name="putdata" time="3.410" classname="RestBasics.restPost"/>
  <system-out/>
</testsuite> <!-- RestBasics.restPost -->
