<?xml version="1.0" encoding="UTF-8"?>
<!-- Generated by org.testng.reporters.JUnitReportReporter -->
<testsuite skipped="0" hostname="LAPTOP-RMHL5JSC" name="RestBasics.restGet" tests="1" failures="0" timestamp="2020-06-05T16:55:39 EDT" time="0.047" errors="0">
  <testcase name="getlocal" time="0.047" classname="RestBasics.restGet"/>
  <system-out/>
</testsuite> <!-- RestBasics.restGet -->
