<?xml version="1.0" encoding="UTF-8"?>
<!-- Generated by org.testng.reporters.JUnitReportReporter -->
<testsuite skipped="0" hostname="LAPTOP-RMHL5JSC" name="RestBasics.restDelete" tests="1" failures="0" timestamp="2020-06-05T16:55:39 EDT" time="0.597" errors="0">
  <testcase name="delete" time="0.597" classname="RestBasics.restDelete"/>
  <system-out/>
</testsuite> <!-- RestBasics.restDelete -->
